<?xml version="1.0" encoding="UTF-8"?>
<testsuite name="landlordTest" tests="4" skipped="0" failures="0" errors="0" timestamp="2019-08-15T06:41:39" hostname="waheed" time="0.004">
  <properties/>
  <testcase name="createNewLandlordInstanceSuccessful_true" classname="landlordTest" time="0.002"/>
  <testcase name="landlord_instantiatesWithLandlordLocation_String" classname="landlordTest" time="0.001"/>
  <testcase name="landlord_instantiatesWithLandlordPrice_String" classname="landlordTest" time="0.0"/>
  <testcase name="landlord_instantiatesWithLandlordRoom_String" classname="landlordTest" time="0.001"/>
  <system-out><![CDATA[]]></system-out>
  <system-err><![CDATA[]]></system-err>
</testsuite>
